<?xml version="1.0" encoding="UTF-8"?>
<testsuite xmlns:xsi="http://www.w3.org/2001/XMLSchema-instance" xsi:noNamespaceSchemaLocation="https://maven.apache.org/surefire/maven-surefire-plugin/xsd/surefire-test-report.xsd" name="TestSuite" time="0.879" tests="0" errors="0" skipped="0" failures="0">
  <properties>
    <property name="java.specification.version" value="17"/>
    <property name="sun.cpu.isalist" value="amd64"/>
    <property name="sun.jnu.encoding" value="GBK"/>
    <property name="java.class.path" value="D:\jt113-document\target\test-classes;D:\jt113-document\target\classes;D:\develop\Maven\apache-maven-110\repository\junit\junit\4.11\junit-4.11.jar;D:\develop\Maven\apache-maven-110\repository\org\hamcrest\hamcrest-core\1.3\hamcrest-core-1.3.jar;D:\develop\Maven\apache-maven-110\repository\dom4j\dom4j\1.1\dom4j-1.1.jar;D:\develop\Maven\apache-maven-110\repository\com\alibaba\fastjson\1.2.79\fastjson-1.2.79.jar;D:\develop\Maven\apache-maven-110\repository\mysql\mysql-connector-java\5.0.8\mysql-connector-java-5.0.8.jar;D:\develop\Maven\apache-maven-110\repository\org\testng\testng\7.10.2\testng-7.10.2.jar;D:\develop\Maven\apache-maven-110\repository\org\slf4j\slf4j-api\1.7.36\slf4j-api-1.7.36.jar;D:\develop\Maven\apache-maven-110\repository\com\beust\jcommander\1.82\jcommander-1.82.jar;D:\develop\Maven\apache-maven-110\repository\org\webjars\jquery\3.7.1\jquery-3.7.1.jar;D:\develop\Maven\apache-maven-110\repository\org\junit\jupiter\junit-jupiter\5.11.0-M2\junit-jupiter-5.11.0-M2.jar;D:\develop\Maven\apache-maven-110\repository\org\junit\jupiter\junit-jupiter-api\5.11.0-M2\junit-jupiter-api-5.11.0-M2.jar;D:\develop\Maven\apache-maven-110\repository\org\opentest4j\opentest4j\1.3.0\opentest4j-1.3.0.jar;D:\develop\Maven\apache-maven-110\repository\org\junit\platform\junit-platform-commons\1.11.0-M2\junit-platform-commons-1.11.0-M2.jar;D:\develop\Maven\apache-maven-110\repository\org\apiguardian\apiguardian-api\1.1.2\apiguardian-api-1.1.2.jar;D:\develop\Maven\apache-maven-110\repository\org\junit\jupiter\junit-jupiter-params\5.11.0-M2\junit-jupiter-params-5.11.0-M2.jar;D:\develop\Maven\apache-maven-110\repository\org\junit\jupiter\junit-jupiter-engine\5.11.0-M2\junit-jupiter-engine-5.11.0-M2.jar;D:\develop\Maven\apache-maven-110\repository\org\junit\platform\junit-platform-engine\1.11.0-M2\junit-platform-engine-1.11.0-M2.jar;D:\develop\Maven\apache-maven-110\repository\javax\servlet\javax.servlet-api\3.1.0\javax.servlet-api-3.1.0.jar;"/>
    <property name="java.vm.vendor" value="Oracle Corporation"/>
    <property name="sun.arch.data.model" value="64"/>
    <property name="user.variant" value=""/>
    <property name="java.vendor.url" value="https://java.oracle.com/"/>
    <property name="user.timezone" value="Asia/Shanghai"/>
    <property name="os.name" value="Windows 10"/>
    <property name="java.vm.specification.version" value="17"/>
    <property name="sun.java.launcher" value="SUN_STANDARD"/>
    <property name="user.country" value="CN"/>
    <property name="sun.boot.library.path" value="D:\develop\Java\jdk-17\bin"/>
    <property name="sun.java.command" value="C:\Users\jyb\AppData\Local\Temp\surefire16160820243044965048\surefirebooter7576061963656074483.jar C:\Users\jyb\AppData\Local\Temp\surefire16160820243044965048 2024-06-06T17-02-15_068-jvmRun1 surefire5003498240564340891tmp surefire_0959756299766535753tmp"/>
    <property name="jdk.debug" value="release"/>
    <property name="surefire.test.class.path" value="D:\jt113-document\target\test-classes;D:\jt113-document\target\classes;D:\develop\Maven\apache-maven-110\repository\junit\junit\4.11\junit-4.11.jar;D:\develop\Maven\apache-maven-110\repository\org\hamcrest\hamcrest-core\1.3\hamcrest-core-1.3.jar;D:\develop\Maven\apache-maven-110\repository\dom4j\dom4j\1.1\dom4j-1.1.jar;D:\develop\Maven\apache-maven-110\repository\com\alibaba\fastjson\1.2.79\fastjson-1.2.79.jar;D:\develop\Maven\apache-maven-110\repository\mysql\mysql-connector-java\5.0.8\mysql-connector-java-5.0.8.jar;D:\develop\Maven\apache-maven-110\repository\org\testng\testng\7.10.2\testng-7.10.2.jar;D:\develop\Maven\apache-maven-110\repository\org\slf4j\slf4j-api\1.7.36\slf4j-api-1.7.36.jar;D:\develop\Maven\apache-maven-110\repository\com\beust\jcommander\1.82\jcommander-1.82.jar;D:\develop\Maven\apache-maven-110\repository\org\webjars\jquery\3.7.1\jquery-3.7.1.jar;D:\develop\Maven\apache-maven-110\repository\org\junit\jupiter\junit-jupiter\5.11.0-M2\junit-jupiter-5.11.0-M2.jar;D:\develop\Maven\apache-maven-110\repository\org\junit\jupiter\junit-jupiter-api\5.11.0-M2\junit-jupiter-api-5.11.0-M2.jar;D:\develop\Maven\apache-maven-110\repository\org\opentest4j\opentest4j\1.3.0\opentest4j-1.3.0.jar;D:\develop\Maven\apache-maven-110\repository\org\junit\platform\junit-platform-commons\1.11.0-M2\junit-platform-commons-1.11.0-M2.jar;D:\develop\Maven\apache-maven-110\repository\org\apiguardian\apiguardian-api\1.1.2\apiguardian-api-1.1.2.jar;D:\develop\Maven\apache-maven-110\repository\org\junit\jupiter\junit-jupiter-params\5.11.0-M2\junit-jupiter-params-5.11.0-M2.jar;D:\develop\Maven\apache-maven-110\repository\org\junit\jupiter\junit-jupiter-engine\5.11.0-M2\junit-jupiter-engine-5.11.0-M2.jar;D:\develop\Maven\apache-maven-110\repository\org\junit\platform\junit-platform-engine\1.11.0-M2\junit-platform-engine-1.11.0-M2.jar;D:\develop\Maven\apache-maven-110\repository\javax\servlet\javax.servlet-api\3.1.0\javax.servlet-api-3.1.0.jar;"/>
    <property name="sun.cpu.endian" value="little"/>
    <property name="user.home" value="C:\Users\jyb"/>
    <property name="user.language" value="zh"/>
    <property name="java.specification.vendor" value="Oracle Corporation"/>
    <property name="java.version.date" value="2021-09-14"/>
    <property name="java.home" value="D:\develop\Java\jdk-17"/>
    <property name="file.separator" value="\"/>
    <property name="basedir" value="D:\jt113-document"/>
    <property name="java.vm.compressedOopsMode" value="Zero based"/>
    <property name="line.separator" value="&#10;"/>
    <property name="java.vm.specification.vendor" value="Oracle Corporation"/>
    <property name="java.specification.name" value="Java Platform API Specification"/>
    <property name="surefire.real.class.path" value="C:\Users\jyb\AppData\Local\Temp\surefire16160820243044965048\surefirebooter7576061963656074483.jar"/>
    <property name="user.script" value=""/>
    <property name="sun.management.compiler" value="HotSpot 64-Bit Tiered Compilers"/>
    <property name="java.runtime.version" value="17+35-LTS-2724"/>
    <property name="user.name" value="jyb"/>
    <property name="path.separator" value=";"/>
    <property name="os.version" value="10.0"/>
    <property name="java.runtime.name" value="Java(TM) SE Runtime Environment"/>
    <property name="file.encoding" value="GBK"/>
    <property name="java.vm.name" value="Java HotSpot(TM) 64-Bit Server VM"/>
    <property name="localRepository" value="D:\develop\Maven\apache-maven-110\repository"/>
    <property name="java.vendor.url.bug" value="https://bugreport.java.com/bugreport/"/>
    <property name="java.io.tmpdir" value="C:\Users\jyb\AppData\Local\Temp\"/>
    <property name="idea.version" value="2021.2.2"/>
    <property name="java.version" value="17"/>
    <property name="user.dir" value="D:\jt113-document"/>
    <property name="os.arch" value="amd64"/>
    <property name="java.vm.specification.name" value="Java Virtual Machine Specification"/>
    <property name="sun.os.patch.level" value=""/>
    <property name="native.encoding" value="GBK"/>
    <property name="java.library.path" value="D:\develop\Java\jdk-17\bin;C:\WINDOWS\Sun\Java\bin;C:\WINDOWS\system32;C:\WINDOWS;C:\Program Files\Common Files\Oracle\Java\javapath;C:\Program Files (x86)\Common Files\Oracle\Java\javapath;C:\WINDOWS\system32;C:\WINDOWS;C:\WINDOWS\System32\Wbem;C:\WINDOWS\System32\WindowsPowerShell\v1.0\;C:\WINDOWS\System32\OpenSSH\;D:\develop\tomcat\apache-tomcat-9.0.58\bin;D:\develop\tomcat\apache-tomcat-9.0.58\lib;D:\MySQL\mysql\bin;D:\develop\Java\jdk-17\jre\bin;D:\develop\Java\jdk-17\bin;C:\Users\jyb\AppData\Local\Programs\Python\Python310\Scripts\;C:\Users\jyb\AppData\Local\Programs\Python\Python310\;C:\Users\jyb\AppData\Local\Microsoft\WindowsApps;D:\idea\IntelliJ IDEA 2021.1\bin;;D:\develop\Java\jdk-17\bin;D:\html\code\Microsoft VS Code\bin;D:\python\PyCharm Community Edition 2021.3.2\bin;;D:\html\Microsoft VS Code\bin;D:\develop\tomcat\apache-tomcat-9.0.58\bin;D:\develop\Java\jdk-17\jre;D:\develop\Maven\apache-maven-110\bin;;."/>
    <property name="java.vm.info" value="mixed mode, sharing"/>
    <property name="java.vendor" value="Oracle Corporation"/>
    <property name="java.vm.version" value="17+35-LTS-2724"/>
    <property name="sun.io.unicode.encoding" value="UnicodeLittle"/>
    <property name="maven.repo.local" value="D:\develop\Maven\apache-maven-110\repository"/>
    <property name="java.class.version" value="61.0"/>
  </properties>
</testsuite>